2026-03-11 10:01:37,058 - __main__ - INFO - Starting GNN training...
/project/6099921/NDOT/QML-gates-tests/qqe/qqe/GNN/physics_aware_NN.py:234: UserWarning: Inconsistent global_features dims found: {7: 10000, 3: 10000, 302: 10000, 153: 10000}. Will pad/truncate to max dim=302.
  warnings.warn(
2026-03-11 10:18:51,315 - __main__ - INFO - -------- EPOCH : 001 --------

2026-03-11 10:19:51,557 - __main__ - INFO - [Heartbeat] Epoch 1 batch 64/900 | loss 9.513315 | elapsed 60.2s | graphs 2048
2026-03-11 10:20:51,690 - __main__ - INFO - [Heartbeat] Epoch 1 batch 138/900 | loss 5.206321 | elapsed 120.3s | graphs 4416
2026-03-11 10:21:51,846 - __main__ - INFO - [Heartbeat] Epoch 1 batch 209/900 | loss 3.795015 | elapsed 180.5s | graphs 6688
2026-03-11 10:22:52,320 - __main__ - INFO - [Heartbeat] Epoch 1 batch 282/900 | loss 3.126838 | elapsed 241.0s | graphs 9024
2026-03-11 10:23:52,744 - __main__ - INFO - [Heartbeat] Epoch 1 batch 353/900 | loss 2.717366 | elapsed 301.4s | graphs 11296
2026-03-11 10:24:53,127 - __main__ - INFO - [Heartbeat] Epoch 1 batch 426/900 | loss 2.410175 | elapsed 361.8s | graphs 13632
2026-03-11 10:25:53,652 - __main__ - INFO - [Heartbeat] Epoch 1 batch 496/900 | loss 2.199325 | elapsed 422.3s | graphs 15872
2026-03-11 10:26:53,981 - __main__ - INFO - [Heartbeat] Epoch 1 batch 568/900 | loss 2.021401 | elapsed 482.6s | graphs 18176
2026-03-11 10:27:54,028 - __main__ - INFO - [Heartbeat] Epoch 1 batch 636/900 | loss 1.892286 | elapsed 542.7s | graphs 20352
2026-03-11 10:28:54,557 - __main__ - INFO - [Heartbeat] Epoch 1 batch 705/900 | loss 1.782300 | elapsed 603.2s | graphs 22560
2026-03-11 10:29:55,084 - __main__ - INFO - [Heartbeat] Epoch 1 batch 776/900 | loss 1.682646 | elapsed 663.7s | graphs 24832
2026-03-11 10:30:55,384 - __main__ - INFO - [Heartbeat] Epoch 1 batch 847/900 | loss 1.609748 | elapsed 724.0s | graphs 27104
2026-03-11 10:31:37,330 - __main__ - INFO - Training phase complete (766.0s) | Running validation...
2026-03-11 10:32:06,716 - __main__ - INFO - Losses | train 1.556224 | val 0.708986 | lr 1.00e-03 | time train=766.0s val=29.4s total=795.4s
2026-03-11 10:32:06,717 - __main__ - WARNING - Epoch 1 took 795.4s (>300s threshold). This is expected for large models/datasets.
2026-03-11 10:32:06,717 - __main__ - INFO - -------- EPOCH : 002 --------

2026-03-11 10:33:07,217 - __main__ - INFO - [Heartbeat] Epoch 2 batch 72/900 | loss 0.705061 | elapsed 60.5s | graphs 2304
2026-03-11 10:34:07,676 - __main__ - INFO - [Heartbeat] Epoch 2 batch 145/900 | loss 0.662386 | elapsed 121.0s | graphs 4640
2026-03-11 10:35:08,321 - __main__ - INFO - [Heartbeat] Epoch 2 batch 217/900 | loss 0.641802 | elapsed 181.6s | graphs 6944
2026-03-11 10:36:08,981 - __main__ - INFO - [Heartbeat] Epoch 2 batch 286/900 | loss 0.652293 | elapsed 242.3s | graphs 9152
2026-03-11 10:37:09,381 - __main__ - INFO - [Heartbeat] Epoch 2 batch 359/900 | loss 0.641326 | elapsed 302.7s | graphs 11488
2026-03-11 10:38:09,988 - __main__ - INFO - [Heartbeat] Epoch 2 batch 432/900 | loss 0.627256 | elapsed 363.3s | graphs 13824
2026-03-11 10:39:10,168 - __main__ - INFO - [Heartbeat] Epoch 2 batch 503/900 | loss 0.613730 | elapsed 423.5s | graphs 16096
2026-03-11 10:40:10,772 - __main__ - INFO - [Heartbeat] Epoch 2 batch 573/900 | loss 0.612529 | elapsed 484.1s | graphs 18336
2026-03-11 10:41:11,375 - __main__ - INFO - [Heartbeat] Epoch 2 batch 643/900 | loss 0.608353 | elapsed 544.7s | graphs 20576
2026-03-11 10:42:11,550 - __main__ - INFO - [Heartbeat] Epoch 2 batch 715/900 | loss 0.598263 | elapsed 604.8s | graphs 22880
2026-03-11 10:43:11,671 - __main__ - INFO - [Heartbeat] Epoch 2 batch 783/900 | loss 0.587524 | elapsed 665.0s | graphs 25056
2026-03-11 10:44:12,309 - __main__ - INFO - [Heartbeat] Epoch 2 batch 858/900 | loss 0.581248 | elapsed 725.6s | graphs 27456
2026-03-11 10:44:47,395 - __main__ - INFO - Training phase complete (760.7s) | Running validation...
2026-03-11 10:45:16,951 - __main__ - INFO - Losses | train 0.575375 | val 0.617088 | lr 1.00e-03 | time train=760.7s val=29.6s total=790.2s
2026-03-11 10:45:16,951 - __main__ - WARNING - Epoch 2 took 790.2s (>300s threshold). This is expected for large models/datasets.
2026-03-11 10:45:16,952 - __main__ - INFO - -------- EPOCH : 003 --------

2026-03-11 10:46:17,299 - __main__ - INFO - [Heartbeat] Epoch 3 batch 71/900 | loss 0.568966 | elapsed 60.3s | graphs 2272
2026-03-11 10:47:17,681 - __main__ - INFO - [Heartbeat] Epoch 3 batch 142/900 | loss 0.552511 | elapsed 120.7s | graphs 4544
2026-03-11 10:48:17,972 - __main__ - INFO - [Heartbeat] Epoch 3 batch 211/900 | loss 0.539899 | elapsed 181.0s | graphs 6752
2026-03-11 10:49:18,704 - __main__ - INFO - [Heartbeat] Epoch 3 batch 284/900 | loss 0.514237 | elapsed 241.8s | graphs 9088
2026-03-11 10:50:19,250 - __main__ - INFO - [Heartbeat] Epoch 3 batch 356/900 | loss 0.506720 | elapsed 302.3s | graphs 11392
2026-03-11 10:51:19,514 - __main__ - INFO - [Heartbeat] Epoch 3 batch 428/900 | loss 0.498653 | elapsed 362.6s | graphs 13696
2026-03-11 10:52:19,823 - __main__ - INFO - [Heartbeat] Epoch 3 batch 499/900 | loss 0.489147 | elapsed 422.9s | graphs 15968
2026-03-11 10:53:19,898 - __main__ - INFO - [Heartbeat] Epoch 3 batch 570/900 | loss 0.493477 | elapsed 482.9s | graphs 18240
2026-03-11 10:54:20,325 - __main__ - INFO - [Heartbeat] Epoch 3 batch 642/900 | loss 0.489675 | elapsed 543.4s | graphs 20544
2026-03-11 10:55:21,421 - __main__ - INFO - [Heartbeat] Epoch 3 batch 713/900 | loss 0.486526 | elapsed 604.5s | graphs 22816
2026-03-11 10:56:21,452 - __main__ - INFO - [Heartbeat] Epoch 3 batch 786/900 | loss 0.481887 | elapsed 664.5s | graphs 25152
2026-03-11 10:57:22,098 - __main__ - INFO - [Heartbeat] Epoch 3 batch 858/900 | loss 0.476909 | elapsed 725.1s | graphs 27456
2026-03-11 10:57:56,788 - __main__ - INFO - Training phase complete (759.8s) | Running validation...
2026-03-11 10:58:26,236 - __main__ - INFO - Losses | train 0.472660 | val 0.561865 | lr 1.00e-03 | time train=759.8s val=29.4s total=789.3s
2026-03-11 10:58:26,238 - __main__ - WARNING - Epoch 3 took 789.3s (>300s threshold). This is expected for large models/datasets.
2026-03-11 10:58:26,238 - __main__ - INFO - -------- EPOCH : 004 --------

2026-03-11 10:59:26,944 - __main__ - INFO - [Heartbeat] Epoch 4 batch 71/900 | loss 0.400930 | elapsed 60.7s | graphs 2272
2026-03-11 11:00:27,499 - __main__ - INFO - [Heartbeat] Epoch 4 batch 143/900 | loss 0.409440 | elapsed 121.3s | graphs 4576
2026-03-11 11:01:28,346 - __main__ - INFO - [Heartbeat] Epoch 4 batch 215/900 | loss 0.416964 | elapsed 182.1s | graphs 6880
2026-03-11 11:02:28,538 - __main__ - INFO - [Heartbeat] Epoch 4 batch 286/900 | loss 0.419811 | elapsed 242.3s | graphs 9152
2026-03-11 11:03:28,665 - __main__ - INFO - [Heartbeat] Epoch 4 batch 358/900 | loss 0.412071 | elapsed 302.4s | graphs 11456
2026-03-11 11:04:28,903 - __main__ - INFO - [Heartbeat] Epoch 4 batch 430/900 | loss 0.416591 | elapsed 362.7s | graphs 13760
2026-03-11 11:05:28,987 - __main__ - INFO - [Heartbeat] Epoch 4 batch 503/900 | loss 0.412787 | elapsed 422.7s | graphs 16096
2026-03-11 11:06:29,366 - __main__ - INFO - [Heartbeat] Epoch 4 batch 573/900 | loss 0.409528 | elapsed 483.1s | graphs 18336
2026-03-11 11:07:29,557 - __main__ - INFO - [Heartbeat] Epoch 4 batch 643/900 | loss 0.405245 | elapsed 543.3s | graphs 20576
2026-03-11 11:08:30,024 - __main__ - INFO - [Heartbeat] Epoch 4 batch 712/900 | loss 0.398853 | elapsed 603.8s | graphs 22784
2026-03-11 11:09:30,607 - __main__ - INFO - [Heartbeat] Epoch 4 batch 784/900 | loss 0.394879 | elapsed 664.4s | graphs 25088
2026-03-11 11:10:31,299 - __main__ - INFO - [Heartbeat] Epoch 4 batch 856/900 | loss 0.390778 | elapsed 725.1s | graphs 27392
2026-03-11 11:11:06,763 - __main__ - INFO - Training phase complete (760.5s) | Running validation...
2026-03-11 11:11:36,272 - __main__ - INFO - Losses | train 0.392463 | val 0.806307 | lr 1.00e-03 | time train=760.5s val=29.5s total=790.0s
2026-03-11 11:11:36,272 - __main__ - WARNING - Epoch 4 took 790.0s (>300s threshold). This is expected for large models/datasets.
2026-03-11 11:11:36,272 - __main__ - INFO - -------- EPOCH : 005 --------

2026-03-11 11:12:36,769 - __main__ - INFO - [Heartbeat] Epoch 5 batch 72/900 | loss 0.352477 | elapsed 60.5s | graphs 2304
2026-03-11 11:13:36,912 - __main__ - INFO - [Heartbeat] Epoch 5 batch 142/900 | loss 0.349164 | elapsed 120.6s | graphs 4544
2026-03-11 11:14:37,375 - __main__ - INFO - [Heartbeat] Epoch 5 batch 215/900 | loss 0.344252 | elapsed 181.1s | graphs 6880
2026-03-11 11:15:37,686 - __main__ - INFO - [Heartbeat] Epoch 5 batch 286/900 | loss 0.348832 | elapsed 241.4s | graphs 9152
2026-03-11 11:16:37,899 - __main__ - INFO - [Heartbeat] Epoch 5 batch 358/900 | loss 0.353519 | elapsed 301.6s | graphs 11456
2026-03-11 11:17:38,489 - __main__ - INFO - [Heartbeat] Epoch 5 batch 429/900 | loss 0.354735 | elapsed 362.2s | graphs 13728
2026-03-11 11:18:38,755 - __main__ - INFO - [Heartbeat] Epoch 5 batch 502/900 | loss 0.355082 | elapsed 422.5s | graphs 16064
2026-03-11 11:19:39,607 - __main__ - INFO - [Heartbeat] Epoch 5 batch 574/900 | loss 0.354674 | elapsed 483.3s | graphs 18368
2026-03-11 11:20:39,867 - __main__ - INFO - [Heartbeat] Epoch 5 batch 645/900 | loss 0.346712 | elapsed 543.6s | graphs 20640
2026-03-11 11:21:40,022 - __main__ - INFO - [Heartbeat] Epoch 5 batch 718/900 | loss 0.348939 | elapsed 603.7s | graphs 22976
2026-03-11 11:22:40,257 - __main__ - INFO - [Heartbeat] Epoch 5 batch 790/900 | loss 0.348594 | elapsed 664.0s | graphs 25280
2026-03-11 11:23:40,965 - __main__ - INFO - [Heartbeat] Epoch 5 batch 860/900 | loss 0.350231 | elapsed 724.7s | graphs 27520
2026-03-11 11:24:37,134 - __main__ - INFO - Training phase complete (780.9s) | Running validation...
2026-03-11 11:25:07,658 - __main__ - INFO - Losses | train 0.349298 | val 0.248117 | lr 1.00e-03 | time train=780.9s val=30.5s total=811.4s
2026-03-11 11:25:07,658 - __main__ - WARNING - Epoch 5 took 811.4s (>300s threshold). This is expected for large models/datasets.
2026-03-11 11:25:07,659 - __main__ - INFO - -------- EPOCH : 006 --------

2026-03-11 11:26:08,456 - __main__ - INFO - [Heartbeat] Epoch 6 batch 70/900 | loss 0.340626 | elapsed 60.8s | graphs 2240
2026-03-11 11:27:08,668 - __main__ - INFO - [Heartbeat] Epoch 6 batch 140/900 | loss 0.335168 | elapsed 121.0s | graphs 4480
2026-03-11 11:28:08,688 - __main__ - INFO - [Heartbeat] Epoch 6 batch 213/900 | loss 0.357872 | elapsed 181.0s | graphs 6816
2026-03-11 11:29:09,388 - __main__ - INFO - [Heartbeat] Epoch 6 batch 283/900 | loss 0.349045 | elapsed 241.7s | graphs 9056
2026-03-11 11:30:09,785 - __main__ - INFO - [Heartbeat] Epoch 6 batch 354/900 | loss 0.344573 | elapsed 302.1s | graphs 11328
2026-03-11 11:31:10,525 - __main__ - INFO - [Heartbeat] Epoch 6 batch 428/900 | loss 0.336496 | elapsed 362.9s | graphs 13696
2026-03-11 11:32:11,023 - __main__ - INFO - [Heartbeat] Epoch 6 batch 499/900 | loss 0.333388 | elapsed 423.4s | graphs 15968
2026-03-11 11:33:11,423 - __main__ - INFO - [Heartbeat] Epoch 6 batch 572/900 | loss 0.328082 | elapsed 483.8s | graphs 18304
2026-03-11 11:34:11,547 - __main__ - INFO - [Heartbeat] Epoch 6 batch 643/900 | loss 0.325622 | elapsed 543.9s | graphs 20576
2026-03-11 11:35:12,234 - __main__ - INFO - [Heartbeat] Epoch 6 batch 716/900 | loss 0.322528 | elapsed 604.6s | graphs 22912
2026-03-11 11:36:12,642 - __main__ - INFO - [Heartbeat] Epoch 6 batch 787/900 | loss 0.319950 | elapsed 665.0s | graphs 25184
2026-03-11 11:37:13,365 - __main__ - INFO - [Heartbeat] Epoch 6 batch 861/900 | loss 0.318110 | elapsed 725.7s | graphs 27552
2026-03-11 11:37:47,027 - __main__ - INFO - Training phase complete (759.4s) | Running validation...
2026-03-11 11:38:16,259 - __main__ - INFO - Losses | train 0.316781 | val 0.549627 | lr 1.00e-03 | time train=759.4s val=29.2s total=788.6s
2026-03-11 11:38:16,259 - __main__ - WARNING - Epoch 6 took 788.6s (>300s threshold). This is expected for large models/datasets.
2026-03-11 11:38:16,259 - __main__ - INFO - -------- EPOCH : 007 --------

2026-03-11 11:39:16,432 - __main__ - INFO - [Heartbeat] Epoch 7 batch 73/900 | loss 0.313124 | elapsed 60.2s | graphs 2336
2026-03-11 11:40:16,455 - __main__ - INFO - [Heartbeat] Epoch 7 batch 144/900 | loss 0.307519 | elapsed 120.2s | graphs 4608
2026-03-11 11:41:17,063 - __main__ - INFO - [Heartbeat] Epoch 7 batch 215/900 | loss 0.298426 | elapsed 180.8s | graphs 6880
2026-03-11 11:42:17,636 - __main__ - INFO - [Heartbeat] Epoch 7 batch 285/900 | loss 0.294080 | elapsed 241.4s | graphs 9120
2026-03-11 11:43:18,415 - __main__ - INFO - [Heartbeat] Epoch 7 batch 358/900 | loss 0.291102 | elapsed 302.2s | graphs 11456
2026-03-11 11:44:18,938 - __main__ - INFO - [Heartbeat] Epoch 7 batch 430/900 | loss 0.294501 | elapsed 362.7s | graphs 13760
2026-03-11 11:45:19,170 - __main__ - INFO - [Heartbeat] Epoch 7 batch 502/900 | loss 0.290947 | elapsed 422.9s | graphs 16064
2026-03-11 11:46:19,733 - __main__ - INFO - [Heartbeat] Epoch 7 batch 572/900 | loss 0.289929 | elapsed 483.5s | graphs 18304
2026-03-11 11:47:20,123 - __main__ - INFO - [Heartbeat] Epoch 7 batch 645/900 | loss 0.287685 | elapsed 543.9s | graphs 20640
2026-03-11 11:48:20,587 - __main__ - INFO - [Heartbeat] Epoch 7 batch 717/900 | loss 0.285263 | elapsed 604.3s | graphs 22944
2026-03-11 11:49:21,091 - __main__ - INFO - [Heartbeat] Epoch 7 batch 787/900 | loss 0.287608 | elapsed 664.8s | graphs 25184
2026-03-11 11:50:21,194 - __main__ - INFO - [Heartbeat] Epoch 7 batch 859/900 | loss 0.285636 | elapsed 724.9s | graphs 27488
2026-03-11 11:50:56,110 - __main__ - INFO - Training phase complete (759.9s) | Running validation...
2026-03-11 11:51:25,895 - __main__ - INFO - Losses | train 0.283291 | val 0.547449 | lr 1.00e-03 | time train=759.9s val=29.8s total=789.6s
2026-03-11 11:51:25,896 - __main__ - WARNING - Epoch 7 took 789.6s (>300s threshold). This is expected for large models/datasets.
2026-03-11 11:51:25,896 - __main__ - INFO - -------- EPOCH : 008 --------

2026-03-11 11:52:26,204 - __main__ - INFO - [Heartbeat] Epoch 8 batch 70/900 | loss 0.288436 | elapsed 60.3s | graphs 2240
2026-03-11 11:53:26,908 - __main__ - INFO - [Heartbeat] Epoch 8 batch 143/900 | loss 0.272598 | elapsed 121.0s | graphs 4576
2026-03-11 11:54:27,054 - __main__ - INFO - [Heartbeat] Epoch 8 batch 212/900 | loss 0.265887 | elapsed 181.2s | graphs 6784
2026-03-11 11:55:27,273 - __main__ - INFO - [Heartbeat] Epoch 8 batch 285/900 | loss 0.261556 | elapsed 241.4s | graphs 9120
2026-03-11 11:56:27,286 - __main__ - INFO - [Heartbeat] Epoch 8 batch 355/900 | loss 0.260091 | elapsed 301.4s | graphs 11360
2026-03-11 11:57:27,990 - __main__ - INFO - [Heartbeat] Epoch 8 batch 427/900 | loss 0.261185 | elapsed 362.1s | graphs 13664
2026-03-11 11:58:28,442 - __main__ - INFO - [Heartbeat] Epoch 8 batch 498/900 | loss 0.256738 | elapsed 422.5s | graphs 15936
2026-03-11 11:59:28,870 - __main__ - INFO - [Heartbeat] Epoch 8 batch 570/900 | loss 0.257178 | elapsed 483.0s | graphs 18240
2026-03-11 12:00:29,202 - __main__ - INFO - [Heartbeat] Epoch 8 batch 642/900 | loss 0.257214 | elapsed 543.3s | graphs 20544
2026-03-11 12:01:29,366 - __main__ - INFO - [Heartbeat] Epoch 8 batch 714/900 | loss 0.256766 | elapsed 603.5s | graphs 22848
2026-03-11 12:02:29,677 - __main__ - INFO - [Heartbeat] Epoch 8 batch 787/900 | loss 0.257105 | elapsed 663.8s | graphs 25184
2026-03-11 12:03:30,021 - __main__ - INFO - [Heartbeat] Epoch 8 batch 858/900 | loss 0.257008 | elapsed 724.1s | graphs 27456
2026-03-11 12:04:05,633 - __main__ - INFO - Training phase complete (759.7s) | Running validation...
2026-03-11 12:04:34,884 - __main__ - INFO - Losses | train 0.258547 | val 0.509785 | lr 1.00e-03 | time train=759.7s val=29.3s total=789.0s
2026-03-11 12:04:34,884 - __main__ - WARNING - Epoch 8 took 789.0s (>300s threshold). This is expected for large models/datasets.
2026-03-11 12:04:34,884 - __main__ - INFO - -------- EPOCH : 009 --------

2026-03-11 12:05:35,653 - __main__ - INFO - [Heartbeat] Epoch 9 batch 74/900 | loss 0.253464 | elapsed 60.8s | graphs 2368
2026-03-11 12:06:36,444 - __main__ - INFO - [Heartbeat] Epoch 9 batch 149/900 | loss 0.252371 | elapsed 121.6s | graphs 4768
2026-03-11 12:07:36,962 - __main__ - INFO - [Heartbeat] Epoch 9 batch 218/900 | loss 0.253309 | elapsed 182.1s | graphs 6976
2026-03-11 12:08:37,839 - __main__ - INFO - [Heartbeat] Epoch 9 batch 291/900 | loss 0.252846 | elapsed 243.0s | graphs 9312
2026-03-11 12:09:37,873 - __main__ - INFO - [Heartbeat] Epoch 9 batch 363/900 | loss 0.255275 | elapsed 303.0s | graphs 11616
2026-03-11 12:10:37,901 - __main__ - INFO - [Heartbeat] Epoch 9 batch 434/900 | loss 0.252284 | elapsed 363.0s | graphs 13888
2026-03-11 12:11:38,517 - __main__ - INFO - [Heartbeat] Epoch 9 batch 503/900 | loss 0.249537 | elapsed 423.6s | graphs 16096
2026-03-11 12:12:39,118 - __main__ - INFO - [Heartbeat] Epoch 9 batch 574/900 | loss 0.249534 | elapsed 484.2s | graphs 18368
2026-03-11 12:13:40,024 - __main__ - INFO - [Heartbeat] Epoch 9 batch 645/900 | loss 0.247967 | elapsed 545.1s | graphs 20640
2026-03-11 12:14:40,267 - __main__ - INFO - [Heartbeat] Epoch 9 batch 712/900 | loss 0.248745 | elapsed 605.4s | graphs 22784
2026-03-11 12:15:40,796 - __main__ - INFO - [Heartbeat] Epoch 9 batch 781/900 | loss 0.249623 | elapsed 665.9s | graphs 24992
2026-03-11 12:16:41,452 - __main__ - INFO - [Heartbeat] Epoch 9 batch 851/900 | loss 0.249752 | elapsed 726.6s | graphs 27232
2026-03-11 12:17:23,354 - __main__ - INFO - Training phase complete (768.5s) | Running validation...
2026-03-11 12:17:52,615 - __main__ - INFO - Losses | train 0.247824 | val 0.268863 | lr 1.00e-03 | time train=768.5s val=29.3s total=797.7s
2026-03-11 12:17:52,615 - __main__ - WARNING - Epoch 9 took 797.7s (>300s threshold). This is expected for large models/datasets.
2026-03-11 12:17:52,615 - __main__ - INFO - -------- EPOCH : 010 --------

2026-03-11 12:18:53,171 - __main__ - INFO - [Heartbeat] Epoch 10 batch 72/900 | loss 0.231893 | elapsed 60.6s | graphs 2304
2026-03-11 12:19:53,458 - __main__ - INFO - [Heartbeat] Epoch 10 batch 144/900 | loss 0.230279 | elapsed 120.8s | graphs 4608
2026-03-11 12:20:54,031 - __main__ - INFO - [Heartbeat] Epoch 10 batch 217/900 | loss 0.231450 | elapsed 181.4s | graphs 6944
2026-03-11 12:21:54,379 - __main__ - INFO - [Heartbeat] Epoch 10 batch 288/900 | loss 0.227580 | elapsed 241.8s | graphs 9216
2026-03-11 12:22:54,430 - __main__ - INFO - [Heartbeat] Epoch 10 batch 360/900 | loss 0.230146 | elapsed 301.8s | graphs 11520
2026-03-11 12:23:54,628 - __main__ - INFO - [Heartbeat] Epoch 10 batch 431/900 | loss 0.229707 | elapsed 362.0s | graphs 13792
2026-03-11 12:24:54,795 - __main__ - INFO - [Heartbeat] Epoch 10 batch 503/900 | loss 0.226515 | elapsed 422.2s | graphs 16096
2026-03-11 12:25:55,726 - __main__ - INFO - [Heartbeat] Epoch 10 batch 575/900 | loss 0.226090 | elapsed 483.1s | graphs 18400
2026-03-11 12:26:56,059 - __main__ - INFO - [Heartbeat] Epoch 10 batch 644/900 | loss 0.224883 | elapsed 543.4s | graphs 20608
2026-03-11 12:27:56,148 - __main__ - INFO - [Heartbeat] Epoch 10 batch 715/900 | loss 0.226149 | elapsed 603.5s | graphs 22880
2026-03-11 12:28:56,298 - __main__ - INFO - [Heartbeat] Epoch 10 batch 783/900 | loss 0.227455 | elapsed 663.7s | graphs 25056
2026-03-11 12:29:56,549 - __main__ - INFO - [Heartbeat] Epoch 10 batch 856/900 | loss 0.225951 | elapsed 723.9s | graphs 27392
2026-03-11 12:30:49,726 - __main__ - INFO - Training phase complete (777.1s) | Running validation...
2026-03-11 12:31:19,331 - __main__ - INFO - Losses | train 0.224611 | val 0.339539 | lr 1.00e-03 | time train=777.1s val=29.6s total=806.7s
2026-03-11 12:31:19,332 - __main__ - WARNING - Epoch 10 took 806.7s (>300s threshold). This is expected for large models/datasets.
2026-03-11 12:31:19,332 - __main__ - INFO - -------- EPOCH : 011 --------

2026-03-11 12:32:20,181 - __main__ - INFO - [Heartbeat] Epoch 11 batch 69/900 | loss 0.228879 | elapsed 60.8s | graphs 2208
2026-03-11 12:33:20,703 - __main__ - INFO - [Heartbeat] Epoch 11 batch 139/900 | loss 0.235895 | elapsed 121.4s | graphs 4448
2026-03-11 12:34:21,185 - __main__ - INFO - [Heartbeat] Epoch 11 batch 212/900 | loss 0.228073 | elapsed 181.9s | graphs 6784
2026-03-11 12:35:21,407 - __main__ - INFO - [Heartbeat] Epoch 11 batch 282/900 | loss 0.225937 | elapsed 242.1s | graphs 9024
2026-03-11 12:36:21,602 - __main__ - INFO - [Heartbeat] Epoch 11 batch 353/900 | loss 0.223363 | elapsed 302.3s | graphs 11296
2026-03-11 12:37:21,989 - __main__ - INFO - [Heartbeat] Epoch 11 batch 423/900 | loss 0.220486 | elapsed 362.7s | graphs 13536
2026-03-11 12:38:22,969 - __main__ - INFO - [Heartbeat] Epoch 11 batch 496/900 | loss 0.222299 | elapsed 423.6s | graphs 15872
2026-03-11 12:39:23,602 - __main__ - INFO - [Heartbeat] Epoch 11 batch 569/900 | loss 0.222573 | elapsed 484.3s | graphs 18208
2026-03-11 12:40:24,396 - __main__ - INFO - [Heartbeat] Epoch 11 batch 644/900 | loss 0.222765 | elapsed 545.1s | graphs 20608
2026-03-11 12:41:24,846 - __main__ - INFO - [Heartbeat] Epoch 11 batch 716/900 | loss 0.223342 | elapsed 605.5s | graphs 22912
2026-03-11 12:42:25,162 - __main__ - INFO - [Heartbeat] Epoch 11 batch 788/900 | loss 0.221916 | elapsed 665.8s | graphs 25216
2026-03-11 12:43:26,020 - __main__ - INFO - [Heartbeat] Epoch 11 batch 860/900 | loss 0.222183 | elapsed 726.7s | graphs 27520
2026-03-11 12:43:59,034 - __main__ - INFO - Training phase complete (759.7s) | Running validation...
2026-03-11 12:44:28,548 - __main__ - INFO - Losses | train 0.221212 | val 0.162253 | lr 1.00e-03 | time train=759.7s val=29.5s total=789.2s
2026-03-11 12:44:28,550 - __main__ - WARNING - Epoch 11 took 789.2s (>300s threshold). This is expected for large models/datasets.
2026-03-11 12:44:28,550 - __main__ - INFO - -------- EPOCH : 012 --------

2026-03-11 12:45:28,785 - __main__ - INFO - [Heartbeat] Epoch 12 batch 73/900 | loss 0.190643 | elapsed 60.2s | graphs 2336
2026-03-11 12:46:28,824 - __main__ - INFO - [Heartbeat] Epoch 12 batch 142/900 | loss 0.190790 | elapsed 120.3s | graphs 4544
2026-03-11 12:47:29,577 - __main__ - INFO - [Heartbeat] Epoch 12 batch 214/900 | loss 0.196678 | elapsed 181.0s | graphs 6848
2026-03-11 12:48:29,843 - __main__ - INFO - [Heartbeat] Epoch 12 batch 284/900 | loss 0.201438 | elapsed 241.3s | graphs 9088
2026-03-11 12:49:29,946 - __main__ - INFO - [Heartbeat] Epoch 12 batch 357/900 | loss 0.203639 | elapsed 301.4s | graphs 11424
2026-03-11 12:50:30,784 - __main__ - INFO - [Heartbeat] Epoch 12 batch 428/900 | loss 0.208544 | elapsed 362.2s | graphs 13696
2026-03-11 12:51:31,678 - __main__ - INFO - [Heartbeat] Epoch 12 batch 500/900 | loss 0.208141 | elapsed 423.1s | graphs 16000
2026-03-11 12:52:31,723 - __main__ - INFO - [Heartbeat] Epoch 12 batch 572/900 | loss 0.210351 | elapsed 483.2s | graphs 18304
2026-03-11 12:53:32,295 - __main__ - INFO - [Heartbeat] Epoch 12 batch 643/900 | loss 0.212196 | elapsed 543.7s | graphs 20576
2026-03-11 12:54:32,873 - __main__ - INFO - [Heartbeat] Epoch 12 batch 716/900 | loss 0.212241 | elapsed 604.3s | graphs 22912
2026-03-11 12:55:33,565 - __main__ - INFO - [Heartbeat] Epoch 12 batch 789/900 | loss 0.213165 | elapsed 665.0s | graphs 25248
2026-03-11 12:56:34,244 - __main__ - INFO - [Heartbeat] Epoch 12 batch 861/900 | loss 0.213055 | elapsed 725.7s | graphs 27552
2026-03-11 12:57:07,628 - __main__ - INFO - Training phase complete (759.1s) | Running validation...
2026-03-11 12:57:36,729 - __main__ - INFO - Losses | train 0.213088 | val 0.296237 | lr 1.00e-03 | time train=759.1s val=29.1s total=788.2s
2026-03-11 12:57:36,729 - __main__ - WARNING - Epoch 12 took 788.2s (>300s threshold). This is expected for large models/datasets.
2026-03-11 12:57:36,729 - __main__ - INFO - -------- EPOCH : 013 --------

2026-03-11 12:58:37,162 - __main__ - INFO - [Heartbeat] Epoch 13 batch 73/900 | loss 0.207397 | elapsed 60.4s | graphs 2336
2026-03-11 12:59:37,842 - __main__ - INFO - [Heartbeat] Epoch 13 batch 144/900 | loss 0.210025 | elapsed 121.1s | graphs 4608
2026-03-11 13:00:38,016 - __main__ - INFO - [Heartbeat] Epoch 13 batch 215/900 | loss 0.210549 | elapsed 181.3s | graphs 6880
2026-03-11 13:01:38,223 - __main__ - INFO - [Heartbeat] Epoch 13 batch 285/900 | loss 0.209716 | elapsed 241.5s | graphs 9120
2026-03-11 13:02:38,773 - __main__ - INFO - [Heartbeat] Epoch 13 batch 356/900 | loss 0.210586 | elapsed 302.0s | graphs 11392
2026-03-11 13:03:39,077 - __main__ - INFO - [Heartbeat] Epoch 13 batch 427/900 | loss 0.210410 | elapsed 362.3s | graphs 13664
2026-03-11 13:04:39,207 - __main__ - INFO - [Heartbeat] Epoch 13 batch 498/900 | loss 0.206228 | elapsed 422.5s | graphs 15936
2026-03-11 13:05:39,627 - __main__ - INFO - [Heartbeat] Epoch 13 batch 568/900 | loss 0.206607 | elapsed 482.9s | graphs 18176
2026-03-11 13:06:39,877 - __main__ - INFO - [Heartbeat] Epoch 13 batch 640/900 | loss 0.206620 | elapsed 543.1s | graphs 20480
2026-03-11 13:07:40,224 - __main__ - INFO - [Heartbeat] Epoch 13 batch 713/900 | loss 0.205109 | elapsed 603.5s | graphs 22816
2026-03-11 13:08:40,454 - __main__ - INFO - [Heartbeat] Epoch 13 batch 786/900 | loss 0.204271 | elapsed 663.7s | graphs 25152
2026-03-11 13:09:40,801 - __main__ - INFO - [Heartbeat] Epoch 13 batch 858/900 | loss 0.203438 | elapsed 724.1s | graphs 27456
2026-03-11 13:10:16,510 - __main__ - INFO - Training phase complete (759.8s) | Running validation...
2026-03-11 13:10:46,012 - __main__ - INFO - Losses | train 0.202914 | val 0.271331 | lr 1.00e-03 | time train=759.8s val=29.5s total=789.3s
2026-03-11 13:10:46,012 - __main__ - WARNING - Epoch 13 took 789.3s (>300s threshold). This is expected for large models/datasets.
2026-03-11 13:10:46,012 - __main__ - INFO - -------- EPOCH : 014 --------

2026-03-11 13:11:46,392 - __main__ - INFO - [Heartbeat] Epoch 14 batch 70/900 | loss 0.189802 | elapsed 60.4s | graphs 2240
2026-03-11 13:12:46,462 - __main__ - INFO - [Heartbeat] Epoch 14 batch 143/900 | loss 0.190581 | elapsed 120.5s | graphs 4576
2026-03-11 13:13:47,339 - __main__ - INFO - [Heartbeat] Epoch 14 batch 215/900 | loss 0.201785 | elapsed 181.3s | graphs 6880
2026-03-11 13:14:47,576 - __main__ - INFO - [Heartbeat] Epoch 14 batch 285/900 | loss 0.202635 | elapsed 241.6s | graphs 9120
2026-03-11 13:15:47,582 - __main__ - INFO - [Heartbeat] Epoch 14 batch 358/900 | loss 0.199255 | elapsed 301.6s | graphs 11456
2026-03-11 13:16:47,670 - __main__ - INFO - [Heartbeat] Epoch 14 batch 426/900 | loss 0.198955 | elapsed 361.7s | graphs 13632
2026-03-11 13:17:48,265 - __main__ - INFO - [Heartbeat] Epoch 14 batch 497/900 | loss 0.200223 | elapsed 422.3s | graphs 15904
2026-03-11 13:18:48,574 - __main__ - INFO - [Heartbeat] Epoch 14 batch 567/900 | loss 0.199993 | elapsed 482.6s | graphs 18144
2026-03-11 13:19:48,937 - __main__ - INFO - [Heartbeat] Epoch 14 batch 640/900 | loss 0.203771 | elapsed 542.9s | graphs 20480
2026-03-11 13:20:49,437 - __main__ - INFO - [Heartbeat] Epoch 14 batch 710/900 | loss 0.202938 | elapsed 603.4s | graphs 22720
2026-03-11 13:21:49,438 - __main__ - INFO - [Heartbeat] Epoch 14 batch 780/900 | loss 0.203614 | elapsed 663.4s | graphs 24960
2026-03-11 13:22:50,053 - __main__ - INFO - [Heartbeat] Epoch 14 batch 849/900 | loss 0.203854 | elapsed 724.0s | graphs 27168
2026-03-11 13:23:34,510 - __main__ - INFO - Training phase complete (768.5s) | Running validation...
2026-03-11 13:24:03,618 - __main__ - INFO - Losses | train 0.203616 | val 0.283321 | lr 1.00e-03 | time train=768.5s val=29.1s total=797.6s
2026-03-11 13:24:03,618 - __main__ - WARNING - Epoch 14 took 797.6s (>300s threshold). This is expected for large models/datasets.
2026-03-11 13:24:03,618 - __main__ - INFO - -------- EPOCH : 015 --------

2026-03-11 13:25:04,341 - __main__ - INFO - [Heartbeat] Epoch 15 batch 72/900 | loss 0.180675 | elapsed 60.7s | graphs 2304
2026-03-11 13:26:04,883 - __main__ - INFO - [Heartbeat] Epoch 15 batch 143/900 | loss 0.188928 | elapsed 121.3s | graphs 4576
2026-03-11 13:27:05,754 - __main__ - INFO - [Heartbeat] Epoch 15 batch 215/900 | loss 0.200182 | elapsed 182.1s | graphs 6880
2026-03-11 13:28:06,151 - __main__ - INFO - [Heartbeat] Epoch 15 batch 289/900 | loss 0.199803 | elapsed 242.5s | graphs 9248
2026-03-11 13:29:06,981 - __main__ - INFO - [Heartbeat] Epoch 15 batch 362/900 | loss 0.200127 | elapsed 303.4s | graphs 11584
2026-03-11 13:30:07,794 - __main__ - INFO - [Heartbeat] Epoch 15 batch 433/900 | loss 0.198242 | elapsed 364.2s | graphs 13856
2026-03-11 13:31:08,439 - __main__ - INFO - [Heartbeat] Epoch 15 batch 504/900 | loss 0.198605 | elapsed 424.8s | graphs 16128
2026-03-11 13:32:08,849 - __main__ - INFO - [Heartbeat] Epoch 15 batch 575/900 | loss 0.197420 | elapsed 485.2s | graphs 18400
2026-03-11 13:33:09,403 - __main__ - INFO - [Heartbeat] Epoch 15 batch 648/900 | loss 0.200937 | elapsed 545.8s | graphs 20736
2026-03-11 13:34:09,483 - __main__ - INFO - [Heartbeat] Epoch 15 batch 717/900 | loss 0.198133 | elapsed 605.9s | graphs 22944
2026-03-11 13:35:10,094 - __main__ - INFO - [Heartbeat] Epoch 15 batch 790/900 | loss 0.196407 | elapsed 666.5s | graphs 25280
2026-03-11 13:36:10,689 - __main__ - INFO - [Heartbeat] Epoch 15 batch 840/900 | loss 0.195883 | elapsed 727.1s | graphs 26880
2026-03-11 13:37:04,693 - __main__ - INFO - Training phase complete (781.1s) | Running validation...
2026-03-11 13:37:34,155 - __main__ - INFO - Losses | train 0.196254 | val 0.235213 | lr 1.00e-03 | time train=781.1s val=29.5s total=810.5s
2026-03-11 13:37:34,179 - __main__ - WARNING - Epoch 15 took 810.5s (>300s threshold). This is expected for large models/datasets.
2026-03-11 13:37:34,179 - __main__ - INFO - -------- EPOCH : 016 --------

2026-03-11 13:38:34,224 - __main__ - INFO - [Heartbeat] Epoch 16 batch 70/900 | loss 0.195457 | elapsed 60.0s | graphs 2240
2026-03-11 13:39:34,493 - __main__ - INFO - [Heartbeat] Epoch 16 batch 142/900 | loss 0.192013 | elapsed 120.3s | graphs 4544
2026-03-11 13:40:34,677 - __main__ - INFO - [Heartbeat] Epoch 16 batch 212/900 | loss 0.193987 | elapsed 180.5s | graphs 6784
2026-03-11 13:41:35,315 - __main__ - INFO - [Heartbeat] Epoch 16 batch 281/900 | loss 0.198424 | elapsed 241.1s | graphs 8992
2026-03-11 13:42:35,581 - __main__ - INFO - [Heartbeat] Epoch 16 batch 352/900 | loss 0.192743 | elapsed 301.4s | graphs 11264
2026-03-11 13:43:35,595 - __main__ - INFO - [Heartbeat] Epoch 16 batch 422/900 | loss 0.194995 | elapsed 361.4s | graphs 13504
2026-03-11 13:44:36,366 - __main__ - INFO - [Heartbeat] Epoch 16 batch 494/900 | loss 0.194089 | elapsed 422.2s | graphs 15808
2026-03-11 13:45:37,079 - __main__ - INFO - [Heartbeat] Epoch 16 batch 569/900 | loss 0.192666 | elapsed 482.9s | graphs 18208
2026-03-11 13:46:37,327 - __main__ - INFO - [Heartbeat] Epoch 16 batch 640/900 | loss 0.190055 | elapsed 543.1s | graphs 20480
2026-03-11 13:47:37,464 - __main__ - INFO - [Heartbeat] Epoch 16 batch 713/900 | loss 0.189033 | elapsed 603.3s | graphs 22816
2026-03-11 13:48:37,469 - __main__ - INFO - [Heartbeat] Epoch 16 batch 784/900 | loss 0.188906 | elapsed 663.3s | graphs 25088
2026-03-11 13:49:37,718 - __main__ - INFO - [Heartbeat] Epoch 16 batch 855/900 | loss 0.188690 | elapsed 723.5s | graphs 27360
2026-03-11 13:50:16,332 - __main__ - INFO - Training phase complete (762.2s) | Running validation...
2026-03-11 13:50:47,209 - __main__ - INFO - Losses | train 0.187812 | val 0.330697 | lr 1.00e-03 | time train=762.2s val=30.9s total=793.0s
2026-03-11 13:50:47,235 - __main__ - WARNING - Epoch 16 took 793.0s (>300s threshold). This is expected for large models/datasets.
2026-03-11 13:50:47,235 - __main__ - INFO - -------- EPOCH : 017 --------

2026-03-11 13:51:48,049 - __main__ - INFO - [Heartbeat] Epoch 17 batch 71/900 | loss 0.181786 | elapsed 60.8s | graphs 2272
2026-03-11 13:52:48,529 - __main__ - INFO - [Heartbeat] Epoch 17 batch 143/900 | loss 0.180831 | elapsed 121.3s | graphs 4576
2026-03-11 13:53:49,001 - __main__ - INFO - [Heartbeat] Epoch 17 batch 212/900 | loss 0.182821 | elapsed 181.8s | graphs 6784
2026-03-11 13:54:49,102 - __main__ - INFO - [Heartbeat] Epoch 17 batch 284/900 | loss 0.181348 | elapsed 241.9s | graphs 9088
2026-03-11 13:55:49,877 - __main__ - INFO - [Heartbeat] Epoch 17 batch 356/900 | loss 0.182627 | elapsed 302.6s | graphs 11392
2026-03-11 13:56:50,692 - __main__ - INFO - [Heartbeat] Epoch 17 batch 428/900 | loss 0.180940 | elapsed 363.5s | graphs 13696
2026-03-11 13:57:50,839 - __main__ - INFO - [Heartbeat] Epoch 17 batch 499/900 | loss 0.179210 | elapsed 423.6s | graphs 15968
2026-03-11 13:58:50,884 - __main__ - INFO - [Heartbeat] Epoch 17 batch 570/900 | loss 0.179294 | elapsed 483.6s | graphs 18240
2026-03-11 13:59:51,492 - __main__ - INFO - [Heartbeat] Epoch 17 batch 643/900 | loss 0.179795 | elapsed 544.3s | graphs 20576
2026-03-11 14:00:52,056 - __main__ - INFO - [Heartbeat] Epoch 17 batch 715/900 | loss 0.180172 | elapsed 604.8s | graphs 22880
2026-03-11 14:01:52,731 - __main__ - INFO - [Heartbeat] Epoch 17 batch 784/900 | loss 0.180813 | elapsed 665.5s | graphs 25088
2026-03-11 14:02:53,550 - __main__ - INFO - [Heartbeat] Epoch 17 batch 857/900 | loss 0.181613 | elapsed 726.3s | graphs 27424
2026-03-11 14:03:29,429 - __main__ - INFO - Training phase complete (762.2s) | Running validation...
2026-03-11 14:03:58,645 - __main__ - INFO - Losses | train 0.182364 | val 0.195593 | lr 5.00e-04 | time train=762.2s val=29.2s total=791.4s
2026-03-11 14:03:58,646 - __main__ - WARNING - Epoch 17 took 791.4s (>300s threshold). This is expected for large models/datasets.
2026-03-11 14:03:58,647 - __main__ - INFO - -------- EPOCH : 018 --------

2026-03-11 14:04:58,796 - __main__ - INFO - [Heartbeat] Epoch 18 batch 70/900 | loss 0.187182 | elapsed 60.1s | graphs 2240
2026-03-11 14:05:59,187 - __main__ - INFO - [Heartbeat] Epoch 18 batch 142/900 | loss 0.177125 | elapsed 120.5s | graphs 4544
2026-03-11 14:06:59,524 - __main__ - INFO - [Heartbeat] Epoch 18 batch 214/900 | loss 0.175409 | elapsed 180.9s | graphs 6848
2026-03-11 14:08:00,098 - __main__ - INFO - [Heartbeat] Epoch 18 batch 286/900 | loss 0.172750 | elapsed 241.5s | graphs 9152
2026-03-11 14:09:00,200 - __main__ - INFO - [Heartbeat] Epoch 18 batch 358/900 | loss 0.169941 | elapsed 301.6s | graphs 11456
2026-03-11 14:10:00,575 - __main__ - INFO - [Heartbeat] Epoch 18 batch 428/900 | loss 0.169864 | elapsed 361.9s | graphs 13696
2026-03-11 14:11:00,718 - __main__ - INFO - [Heartbeat] Epoch 18 batch 497/900 | loss 0.171069 | elapsed 422.1s | graphs 15904
2026-03-11 14:12:00,826 - __main__ - INFO - [Heartbeat] Epoch 18 batch 566/900 | loss 0.168506 | elapsed 482.2s | graphs 18112
2026-03-11 14:13:01,174 - __main__ - INFO - [Heartbeat] Epoch 18 batch 637/900 | loss 0.169697 | elapsed 542.5s | graphs 20384
2026-03-11 14:14:01,559 - __main__ - INFO - [Heartbeat] Epoch 18 batch 709/900 | loss 0.170341 | elapsed 602.9s | graphs 22688
2026-03-11 14:15:01,644 - __main__ - INFO - [Heartbeat] Epoch 18 batch 781/900 | loss 0.171834 | elapsed 663.0s | graphs 24992
2026-03-11 14:16:02,392 - __main__ - INFO - [Heartbeat] Epoch 18 batch 852/900 | loss 0.172476 | elapsed 723.7s | graphs 27264
2026-03-11 14:16:41,804 - __main__ - INFO - Training phase complete (763.2s) | Running validation...
2026-03-11 14:17:11,129 - __main__ - INFO - Losses | train 0.172144 | val 0.259597 | lr 5.00e-04 | time train=763.2s val=29.3s total=792.5s
2026-03-11 14:17:11,131 - __main__ - WARNING - Epoch 18 took 792.5s (>300s threshold). This is expected for large models/datasets.
2026-03-11 14:17:11,131 - __main__ - INFO - -------- EPOCH : 019 --------

2026-03-11 14:18:11,621 - __main__ - INFO - [Heartbeat] Epoch 19 batch 70/900 | loss 0.187267 | elapsed 60.5s | graphs 2240
2026-03-11 14:19:12,037 - __main__ - INFO - [Heartbeat] Epoch 19 batch 142/900 | loss 0.176653 | elapsed 120.9s | graphs 4544
2026-03-11 14:20:12,465 - __main__ - INFO - [Heartbeat] Epoch 19 batch 213/900 | loss 0.176407 | elapsed 181.3s | graphs 6816
2026-03-11 14:21:12,635 - __main__ - INFO - [Heartbeat] Epoch 19 batch 282/900 | loss 0.178024 | elapsed 241.5s | graphs 9024
2026-03-11 14:22:13,313 - __main__ - INFO - [Heartbeat] Epoch 19 batch 351/900 | loss 0.178041 | elapsed 302.2s | graphs 11232
2026-03-11 14:23:13,944 - __main__ - INFO - [Heartbeat] Epoch 19 batch 425/900 | loss 0.179343 | elapsed 362.8s | graphs 13600
2026-03-11 14:24:14,502 - __main__ - INFO - [Heartbeat] Epoch 19 batch 495/900 | loss 0.179229 | elapsed 423.4s | graphs 15840
2026-03-11 14:25:14,745 - __main__ - INFO - [Heartbeat] Epoch 19 batch 564/900 | loss 0.177280 | elapsed 483.6s | graphs 18048
slurmstepd: error: *** JOB 27137069 ON fc20324 CANCELLED AT 2026-03-11T14:25:22 DUE TO TIME LIMIT ***
